#-----------------------------------------------------------
# Vivado v2019.1 (64-bit)
# SW Build 2552052 on Fri May 24 14:49:42 MDT 2019
# IP Build 2548770 on Fri May 24 18:01:18 MDT 2019
# Start of session at: Thu Dec  9 14:18:40 2021
# Process ID: 21092
# Current directory: D:/Code/Digital-Logic-Lab/Lab.8/Prob.4
# Command line: vivado.exe -gui_launcher_event rodinguilauncherevent21096 D:\Code\Digital-Logic-Lab\Lab.8\Prob.4\Prob.4.xpr
# Log file: D:/Code/Digital-Logic-Lab/Lab.8/Prob.4/vivado.log
# Journal file: D:/Code/Digital-Logic-Lab/Lab.8/Prob.4\vivado.jou
#-----------------------------------------------------------
start_gui
open_project D:/Code/Digital-Logic-Lab/Lab.8/Prob.4/Prob.4.xpr
Scanning sources...
Finished scanning sources
INFO: [IP_Flow 19-234] Refreshing IP repositories
INFO: [IP_Flow 19-1704] No user IP repositories specified
INFO: [IP_Flow 19-2313] Loaded Vivado IP repository 'D:/Xilinx/Vivado/2019.1/data/ip'.
open_project: Time (s): cpu = 00:00:41 ; elapsed = 00:00:24 . Memory (MB): peak = 880.520 ; gain = 0.000
update_compile_order -fileset sources_1
exit
INFO: [Common 17-206] Exiting Vivado at Thu Dec  9 14:59:00 2021...
