#
# An unexpected error has occurred (11)
#
Stack:
/opt/vlab/vivado/Xilinx/Vivado/2019.1/tps/lnx64/jre9.0.4/lib//server/libjvm.so(+0xb6aadb) [0x7f7084480adb]
/opt/vlab/vivado/Xilinx/Vivado/2019.1/tps/lnx64/jre9.0.4/lib//server/libjvm.so(JVM_handle_linux_signal+0xbb) [0x7f7084485e1b]
/opt/vlab/vivado/Xilinx/Vivado/2019.1/tps/lnx64/jre9.0.4/lib//server/libjvm.so(+0xb647b8) [0x7f708447a7b8]
/lib/x86_64-linux-gnu/libc.so.6(+0x46210) [0x7f70c9ecf210]
/lib/x86_64-linux-gnu/libc.so.6(malloc_usable_size+0x48) [0x7f70c9f28378]
/lib/x86_64-linux-gnu/libudev.so.1(+0xfa79) [0x7f7055faea79]
/lib/x86_64-linux-gnu/libudev.so.1(+0x15f04) [0x7f7055fb4f04]
/lib/x86_64-linux-gnu/libudev.so.1(+0x1a995) [0x7f7055fb9995]
/lib/x86_64-linux-gnu/libudev.so.1(+0x1abfb) [0x7f7055fb9bfb]
/lib/x86_64-linux-gnu/libudev.so.1(udev_enumerate_scan_devices+0x277) [0x7f7055fbc457]
/opt/vlab/vivado/Xilinx/Vivado/2019.1/lib/lnx64.o/libXil_lmgr11.so(+0x147ad7) [0x7f70c36a4ad7]
/opt/vlab/vivado/Xilinx/Vivado/2019.1/lib/lnx64.o/libXil_lmgr11.so(xilinxd_52bd858d5acf2fc4+0x9) [0x7f70c36a4f39]
/opt/vlab/vivado/Xilinx/Vivado/2019.1/lib/lnx64.o/libXil_lmgr11.so(+0xfe716) [0x7f70c365b716]
/opt/vlab/vivado/Xilinx/Vivado/2019.1/lib/lnx64.o/libXil_lmgr11.so(xilinxd_52bd853912de43c2+0xc8) [0x7f70c365b248]
/opt/vlab/vivado/Xilinx/Vivado/2019.1/lib/lnx64.o/libXil_lmgr11.so(+0xeb552) [0x7f70c3648552]
/opt/vlab/vivado/Xilinx/Vivado/2019.1/lib/lnx64.o/libXil_lmgr11.so(xilinxd_52bd995765656b48+0x2a) [0x7f70c365278a]
/opt/vlab/vivado/Xilinx/Vivado/2019.1/lib/lnx64.o/libXil_lmgr11.so(xilinxd_52bd700d1bd3c616+0x73) [0x7f70c3652873]
/opt/vlab/vivado/Xilinx/Vivado/2019.1/lib/lnx64.o/librdi_commonxillic.so(XilReg::Utils::GetHostInfo[abi:cxx11](XilReg::Utils::HostInfoType, bool) const+0x208) [0x7f70c61458f8]
/opt/vlab/vivado/Xilinx/Vivado/2019.1/lib/lnx64.o/librdi_commonxillic.so(XilReg::Utils::GetHostInfoFormatted[abi:cxx11](XilReg::Utils::HostInfoType, bool) const+0x52) [0x7f70c61484b2]
/opt/vlab/vivado/Xilinx/Vivado/2019.1/lib/lnx64.o/librdi_commonxillic.so(XilReg::Utils::GetHostInfo[abi:cxx11]() const+0x183) [0x7f70c6148773]
/opt/vlab/vivado/Xilinx/Vivado/2019.1/lib/lnx64.o/librdi_commonxillic.so(XilReg::Utils::GetRegInfo(std::__cxx11::basic_string<char, std::char_traits<char>, std::allocator<char> > const&, bool, bool)+0xc6) [0x7f70c61526b6]
/opt/vlab/vivado/Xilinx/Vivado/2019.1/lib/lnx64.o/librdi_commonxillic.so(XilReg::Utils::GetRegInfoWebTalk(std::__cxx11::basic_string<char, std::char_traits<char>, std::allocator<char> > const&)+0x60) [0x7f70c6152940]
/opt/vlab/vivado/Xilinx/Vivado/2019.1/lib/lnx64.o/librdi_project.so(HAPRWebtalkHelper::getRegistrationId[abi:cxx11]() const+0x3a) [0x7f70986dec2a]
/opt/vlab/vivado/Xilinx/Vivado/2019.1/lib/lnx64.o/librdi_project.so(HAPRWebtalkHelper::HAPRWebtalkHelper(HAPRProject*, HAPRDesign*, HWEWebtalkMgr*, std::__cxx11::basic_string<char, std::char_traits<char>, std::allocator<char> > const&)+0xb0) [0x7f70986df0a0]
/opt/vlab/vivado/Xilinx/Vivado/2019.1/lib/lnx64.o/librdi_tcltasks.so(+0x1675a16) [0x7f70be299a16]
/opt/vlab/vivado/Xilinx/Vivado/2019.1/lib/lnx64.o/librdi_tcltasks.so(+0x16803a8) [0x7f70be2a43a8]
/opt/vlab/vivado/Xilinx/Vivado/2019.1/lib/lnx64.o/librdi_common.so(+0x8068e2) [0x7f70cb0358e2]
/opt/vlab/vivado/Xilinx/Vivado/2019.1/lib/lnx64.o/libtcl8.5.so(+0x334af) [0x7f70c59644af]
/opt/vlab/vivado/Xilinx/Vivado/2019.1/lib/lnx64.o/libtcl8.5.so(+0x76875) [0x7f70c59a7875]
/opt/vlab/vivado/Xilinx/Vivado/2019.1/lib/lnx64.o/libtcl8.5.so(+0x7e029) [0x7f70c59af029]
/opt/vlab/vivado/Xilinx/Vivado/2019.1/lib/lnx64.o/libtcl8.5.so(TclEvalObjEx+0x76) [0x7f70c5966156]
/opt/vlab/vivado/Xilinx/Vivado/2019.1/lib/lnx64.o/librdi_common.so(+0x804df1) [0x7f70cb033df1]
/opt/vlab/vivado/Xilinx/Vivado/2019.1/lib/lnx64.o/libtcl8.5.so(Tcl_ServiceEvent+0x7f) [0x7f70c59d8b0f]
/opt/vlab/vivado/Xilinx/Vivado/2019.1/lib/lnx64.o/libtcl8.5.so(Tcl_DoOneEvent+0x154) [0x7f70c59d8e44]
/opt/vlab/vivado/Xilinx/Vivado/2019.1/lib/lnx64.o/librdi_commontasks.so(+0x231625) [0x7f70c055a625]
/opt/vlab/vivado/Xilinx/Vivado/2019.1/lib/lnx64.o/librdi_commontasks.so(+0x23b163) [0x7f70c0564163]
/opt/vlab/vivado/Xilinx/Vivado/2019.1/lib/lnx64.o/librdi_commontasks.so(+0x23c1fe) [0x7f70c05651fe]
/opt/vlab/vivado/Xilinx/Vivado/2019.1/lib/lnx64.o/librdi_common.so(+0x8068e2) [0x7f70cb0358e2]
/opt/vlab/vivado/Xilinx/Vivado/2019.1/lib/lnx64.o/libtcl8.5.so(+0x334af) [0x7f70c59644af]
/opt/vlab/vivado/Xilinx/Vivado/2019.1/lib/lnx64.o/libtcl8.5.so(Tcl_EvalObjv+0x32) [0x7f70c59645e2]
/opt/vlab/vivado/Xilinx/Vivado/2019.1/lib/lnx64.o/libtcl8.5.so(TclEvalObjEx+0x322) [0x7f70c5966402]
/opt/vlab/vivado/Xilinx/Vivado/2019.1/lib/lnx64.o/librdi_commonmain.so(+0x7424) [0x7f70ca62b424]
/opt/vlab/vivado/Xilinx/Vivado/2019.1/lib/lnx64.o/libtcl8.5.so(Tcl_Main+0x1d0) [0x7f70c59d1210]
/opt/vlab/vivado/Xilinx/Vivado/2019.1/lib/lnx64.o/librdi_common.so(+0x84ac9b) [0x7f70cb079c9b]
/lib/x86_64-linux-gnu/libpthread.so.0(+0x9609) [0x7f70c9e6f609]
/lib/x86_64-linux-gnu/libc.so.6(clone+0x43) [0x7f70c9fab103]
