#-----------------------------------------------------------
# Vivado v2019.1 (64-bit)
# SW Build 2552052 on Fri May 24 14:49:42 MDT 2019
# IP Build 2548770 on Fri May 24 18:01:18 MDT 2019
# Start of session at: Thu Dec  9 14:18:37 2021
# Process ID: 21212
# Current directory: D:/Code/Digital-Logic-Lab/Lab.8/Prob.3
# Command line: vivado.exe -gui_launcher_event rodinguilauncherevent21440 D:\Code\Digital-Logic-Lab\Lab.8\Prob.3\Prob.3.xpr
# Log file: D:/Code/Digital-Logic-Lab/Lab.8/Prob.3/vivado.log
# Journal file: D:/Code/Digital-Logic-Lab/Lab.8/Prob.3\vivado.jou
#-----------------------------------------------------------
start_gui
open_project D:/Code/Digital-Logic-Lab/Lab.8/Prob.3/Prob.3.xpr
Scanning sources...
Finished scanning sources
INFO: [IP_Flow 19-234] Refreshing IP repositories
INFO: [IP_Flow 19-1704] No user IP repositories specified
INFO: [IP_Flow 19-2313] Loaded Vivado IP repository 'D:/Xilinx/Vivado/2019.1/data/ip'.
open_project: Time (s): cpu = 00:00:18 ; elapsed = 00:00:10 . Memory (MB): peak = 836.016 ; gain = 165.180
update_compile_order -fileset sources_1
exit
INFO: [Common 17-206] Exiting Vivado at Thu Dec  9 14:59:04 2021...
