#! /c/Source/iverilog-install/bin/vvp
:ivl_version "12.0 (devel)" "(s20150603-1110-g18392a46)";
:ivl_delay_selection "TYPICAL";
:vpi_time_precision + 0;
:vpi_module "D:\iverilog\lib\ivl\system.vpi";
:vpi_module "D:\iverilog\lib\ivl\vhdl_sys.vpi";
:vpi_module "D:\iverilog\lib\ivl\vhdl_textio.vpi";
:vpi_module "D:\iverilog\lib\ivl\v2005_math.vpi";
:vpi_module "D:\iverilog\lib\ivl\va_math.vpi";
S_00000134014b2f30 .scope module, "test" "test" 2 1;
 .timescale 0 0;
    .port_info 0 /INPUT 1 "a";
    .port_info 1 /INPUT 1 "b";
    .port_info 2 /INPUT 1 "c";
    .port_info 3 /OUTPUT 1 "s1";
    .port_info 4 /OUTPUT 1 "s2";
o00000134014e75a8 .functor BUFZ 1, C4<z>; HiZ drive
L_00000134014d9120 .functor NOT 1, o00000134014e75a8, C4<0>, C4<0>, C4<0>;
o00000134014e75d8 .functor BUFZ 1, C4<z>; HiZ drive
L_00000134014d95f0 .functor NOT 1, o00000134014e75d8, C4<0>, C4<0>, C4<0>;
L_00000134014d97b0 .functor AND 1, L_00000134014d9120, L_00000134014d95f0, C4<1>, C4<1>;
o00000134014e7608 .functor BUFZ 1, C4<z>; HiZ drive
L_00000134014d93c0 .functor AND 1, L_00000134014d97b0, o00000134014e7608, C4<1>, C4<1>;
L_00000134014d94a0 .functor NOT 1, o00000134014e75a8, C4<0>, C4<0>, C4<0>;
L_00000134014d9510 .functor AND 1, L_00000134014d94a0, o00000134014e75d8, C4<1>, C4<1>;
L_00000134014d9660 .functor NOT 1, o00000134014e7608, C4<0>, C4<0>, C4<0>;
L_00000134014d9190 .functor AND 1, L_00000134014d9510, L_00000134014d9660, C4<1>, C4<1>;
L_00000134014d96d0 .functor OR 1, L_00000134014d93c0, L_00000134014d9190, C4<0>, C4<0>;
L_00000134014d9200 .functor NOT 1, o00000134014e75d8, C4<0>, C4<0>, C4<0>;
L_00000134014d90b0 .functor AND 1, o00000134014e75a8, L_00000134014d9200, C4<1>, C4<1>;
L_00000134014d9270 .functor NOT 1, o00000134014e7608, C4<0>, C4<0>, C4<0>;
L_00000134014e3610 .functor AND 1, L_00000134014d90b0, L_00000134014d9270, C4<1>, C4<1>;
L_00000134014e3a00 .functor OR 1, L_00000134014d96d0, L_00000134014e3610, C4<0>, C4<0>;
L_00000134014e4100 .functor AND 1, o00000134014e75a8, o00000134014e75d8, C4<1>, C4<1>;
L_00000134014e38b0 .functor AND 1, L_00000134014e4100, o00000134014e7608, C4<1>, C4<1>;
L_00000134014e4020 .functor OR 1, L_00000134014e3a00, L_00000134014e38b0, C4<0>, C4<0>;
L_00000134014e3920 .functor NOT 1, o00000134014e75a8, C4<0>, C4<0>, C4<0>;
L_00000134014e3450 .functor AND 1, L_00000134014e3920, o00000134014e75d8, C4<1>, C4<1>;
L_00000134014e4170 .functor AND 1, L_00000134014e3450, o00000134014e7608, C4<1>, C4<1>;
L_00000134014e3b50 .functor NOT 1, o00000134014e75d8, C4<0>, C4<0>, C4<0>;
L_00000134014e34c0 .functor AND 1, o00000134014e75a8, L_00000134014e3b50, C4<1>, C4<1>;
L_00000134014e3530 .functor AND 1, L_00000134014e34c0, o00000134014e7608, C4<1>, C4<1>;
L_00000134014e35a0 .functor OR 1, L_00000134014e4170, L_00000134014e3530, C4<0>, C4<0>;
L_00000134014e33e0 .functor AND 1, o00000134014e75a8, o00000134014e75d8, C4<1>, C4<1>;
L_00000134014e4090 .functor NOT 1, o00000134014e7608, C4<0>, C4<0>, C4<0>;
L_00000134014e3d10 .functor AND 1, L_00000134014e33e0, L_00000134014e4090, C4<1>, C4<1>;
L_00000134014e3680 .functor OR 1, L_00000134014e35a0, L_00000134014e3d10, C4<0>, C4<0>;
L_00000134014e3a70 .functor NOT 1, o00000134014e75a8, C4<0>, C4<0>, C4<0>;
L_00000134014e3840 .functor NOT 1, o00000134014e75d8, C4<0>, C4<0>, C4<0>;
L_00000134014e41e0 .functor AND 1, L_00000134014e3a70, L_00000134014e3840, C4<1>, C4<1>;
L_00000134014e36f0 .functor NOT 1, o00000134014e7608, C4<0>, C4<0>, C4<0>;
L_00000134014e3ae0 .functor AND 1, L_00000134014e41e0, L_00000134014e36f0, C4<1>, C4<1>;
L_00000134014e3df0 .functor OR 1, L_00000134014e3680, L_00000134014e3ae0, C4<0>, C4<0>;
v00000134014d4e10_0 .net *"_ivl_0", 0 0, L_00000134014d9120;  1 drivers
v00000134014d51d0_0 .net *"_ivl_10", 0 0, L_00000134014d9510;  1 drivers
v00000134014d4af0_0 .net *"_ivl_12", 0 0, L_00000134014d9660;  1 drivers
v00000134014d4f50_0 .net *"_ivl_14", 0 0, L_00000134014d9190;  1 drivers
v00000134014d5090_0 .net *"_ivl_16", 0 0, L_00000134014d96d0;  1 drivers
v00000134014d5310_0 .net *"_ivl_18", 0 0, L_00000134014d9200;  1 drivers
v00000134014e2370_0 .net *"_ivl_2", 0 0, L_00000134014d95f0;  1 drivers
v00000134014e27d0_0 .net *"_ivl_20", 0 0, L_00000134014d90b0;  1 drivers
v00000134014e16f0_0 .net *"_ivl_22", 0 0, L_00000134014d9270;  1 drivers
v00000134014e2550_0 .net *"_ivl_24", 0 0, L_00000134014e3610;  1 drivers
v00000134014e2410_0 .net *"_ivl_26", 0 0, L_00000134014e3a00;  1 drivers
v00000134014e1510_0 .net *"_ivl_28", 0 0, L_00000134014e4100;  1 drivers
v00000134014e2ff0_0 .net *"_ivl_30", 0 0, L_00000134014e38b0;  1 drivers
v00000134014e15b0_0 .net *"_ivl_34", 0 0, L_00000134014e3920;  1 drivers
v00000134014e2cd0_0 .net *"_ivl_36", 0 0, L_00000134014e3450;  1 drivers
v00000134014e1b50_0 .net *"_ivl_38", 0 0, L_00000134014e4170;  1 drivers
v00000134014e1470_0 .net *"_ivl_4", 0 0, L_00000134014d97b0;  1 drivers
v00000134014e2d70_0 .net *"_ivl_40", 0 0, L_00000134014e3b50;  1 drivers
v00000134014e2230_0 .net *"_ivl_42", 0 0, L_00000134014e34c0;  1 drivers
v00000134014e1d30_0 .net *"_ivl_44", 0 0, L_00000134014e3530;  1 drivers
v00000134014e1dd0_0 .net *"_ivl_46", 0 0, L_00000134014e35a0;  1 drivers
v00000134014e1970_0 .net *"_ivl_48", 0 0, L_00000134014e33e0;  1 drivers
v00000134014e1fb0_0 .net *"_ivl_50", 0 0, L_00000134014e4090;  1 drivers
v00000134014e2c30_0 .net *"_ivl_52", 0 0, L_00000134014e3d10;  1 drivers
v00000134014e2e10_0 .net *"_ivl_54", 0 0, L_00000134014e3680;  1 drivers
v00000134014e1650_0 .net *"_ivl_56", 0 0, L_00000134014e3a70;  1 drivers
v00000134014e1330_0 .net *"_ivl_58", 0 0, L_00000134014e3840;  1 drivers
v00000134014e2b90_0 .net *"_ivl_6", 0 0, L_00000134014d93c0;  1 drivers
v00000134014e1f10_0 .net *"_ivl_60", 0 0, L_00000134014e41e0;  1 drivers
v00000134014e29b0_0 .net *"_ivl_62", 0 0, L_00000134014e36f0;  1 drivers
v00000134014e1c90_0 .net *"_ivl_64", 0 0, L_00000134014e3ae0;  1 drivers
v00000134014e2af0_0 .net *"_ivl_8", 0 0, L_00000134014d94a0;  1 drivers
v00000134014e1bf0_0 .net "a", 0 0, o00000134014e75a8;  0 drivers
v00000134014e25f0_0 .net "b", 0 0, o00000134014e75d8;  0 drivers
v00000134014e1150_0 .net "c", 0 0, o00000134014e7608;  0 drivers
v00000134014e1790_0 .net "s1", 0 0, L_00000134014e4020;  1 drivers
v00000134014e2eb0_0 .net "s2", 0 0, L_00000134014e3df0;  1 drivers
# The file index is used to find the file name in the following table.
:file_names 3;
    "N/A";
    "<interactive>";
    "prob.6.v";
