#! /c/Source/iverilog-install/bin/vvp
:ivl_version "12.0 (devel)" "(s20150603-1110-g18392a46)";
:ivl_delay_selection "TYPICAL";
:vpi_time_precision + 0;
:vpi_module "D:\iverilog\lib\ivl\system.vpi";
:vpi_module "D:\iverilog\lib\ivl\vhdl_sys.vpi";
:vpi_module "D:\iverilog\lib\ivl\vhdl_textio.vpi";
:vpi_module "D:\iverilog\lib\ivl\v2005_math.vpi";
:vpi_module "D:\iverilog\lib\ivl\va_math.vpi";
S_0000017ccabc2f30 .scope module, "test_bench" "test_bench" 2 1;
 .timescale 0 0;
v0000017ccabc35d0_0 .var "a", 0 0;
v0000017ccabc30c0_0 .var "b", 0 0;
    .scope S_0000017ccabc2f30;
T_0 ;
    %vpi_call 2 7 "$dumpfile", "prob.1.vcd" {0 0 0};
    %vpi_call 2 8 "$dumpvars" {0 0 0};
    %end;
    .thread T_0;
    .scope S_0000017ccabc2f30;
T_1 ;
    %delay 400, 0;
    %vpi_call 2 11 "$finish" {0 0 0};
    %end;
    .thread T_1;
    .scope S_0000017ccabc2f30;
T_2 ;
    %pushi/vec4 1, 0, 1;
    %store/vec4 v0000017ccabc35d0_0, 0, 1;
    %delay 200, 0;
    %pushi/vec4 0, 0, 1;
    %store/vec4 v0000017ccabc35d0_0, 0, 1;
    %end;
    .thread T_2;
    .scope S_0000017ccabc2f30;
T_3 ;
    %pushi/vec4 0, 0, 1;
    %store/vec4 v0000017ccabc30c0_0, 0, 1;
    %delay 100, 0;
    %pushi/vec4 1, 0, 1;
    %store/vec4 v0000017ccabc30c0_0, 0, 1;
    %delay 175, 0;
    %pushi/vec4 0, 0, 1;
    %store/vec4 v0000017ccabc30c0_0, 0, 1;
    %delay 75, 0;
    %pushi/vec4 1, 0, 1;
    %store/vec4 v0000017ccabc30c0_0, 0, 1;
    %end;
    .thread T_3;
# The file index is used to find the file name in the following table.
:file_names 3;
    "N/A";
    "<interactive>";
    "prob.1.v";
