#! /c/Source/iverilog-install/bin/vvp
:ivl_version "12.0 (devel)" "(s20150603-1110-g18392a46)";
:ivl_delay_selection "TYPICAL";
:vpi_time_precision + 0;
:vpi_module "D:\iverilog\lib\ivl\system.vpi";
:vpi_module "D:\iverilog\lib\ivl\vhdl_sys.vpi";
:vpi_module "D:\iverilog\lib\ivl\vhdl_textio.vpi";
:vpi_module "D:\iverilog\lib\ivl\v2005_math.vpi";
:vpi_module "D:\iverilog\lib\ivl\va_math.vpi";
S_00000160b9253040 .scope module, "test_bench" "test_bench" 2 1;
 .timescale 0 0;
v00000160b9253bb0_0 .var "clk", 0 0;
v00000160b92531d0_0 .var "d", 0 0;
v00000160b9253270_0 .var "rst_n", 0 0;
    .scope S_00000160b9253040;
T_0 ;
    %vpi_call 2 5 "$dumpfile", "prob.2.vcd" {0 0 0};
    %vpi_call 2 6 "$dumpvars" {0 0 0};
    %end;
    .thread T_0;
    .scope S_00000160b9253040;
T_1 ;
    %pushi/vec4 0, 0, 1;
    %store/vec4 v00000160b9253bb0_0, 0, 1;
    %end;
    .thread T_1;
    .scope S_00000160b9253040;
T_2 ;
    %delay 5, 0;
    %load/vec4 v00000160b9253bb0_0;
    %inv;
    %store/vec4 v00000160b9253bb0_0, 0, 1;
    %jmp T_2;
    .thread T_2;
    .scope S_00000160b9253040;
T_3 ;
    %pushi/vec4 0, 0, 1;
    %store/vec4 v00000160b9253270_0, 0, 1;
    %delay 27, 0;
    %pushi/vec4 1, 0, 1;
    %store/vec4 v00000160b9253270_0, 0, 1;
    %delay 28, 0;
    %vpi_call 2 18 "$finish" {0 0 0};
    %end;
    .thread T_3;
    .scope S_00000160b9253040;
T_4 ;
    %pushi/vec4 0, 0, 1;
    %store/vec4 v00000160b92531d0_0, 0, 1;
    %delay 13, 0;
    %pushi/vec4 1, 0, 1;
    %store/vec4 v00000160b92531d0_0, 0, 1;
    %delay 24, 0;
    %pushi/vec4 0, 0, 1;
    %store/vec4 v00000160b92531d0_0, 0, 1;
    %delay 18, 0;
    %vpi_call 2 26 "$finish" {0 0 0};
    %end;
    .thread T_4;
# The file index is used to find the file name in the following table.
:file_names 3;
    "N/A";
    "<interactive>";
    "prob.2.v";
